/var/www/contact.moolapay.io/node_modules/nodemailer/lib/smtp-connection/index.js:790
            err = new Error(message);
                  ^

Error: Invalid login: 535 5.7.0 Invalid credentials
    at SMTPConnection._formatError (/var/www/contact.moolapay.io/node_modules/nodemailer/lib/smtp-connection/index.js:790:19)
    at SMTPConnection._actionAUTHComplete (/var/www/contact.moolapay.io/node_modules/nodemailer/lib/smtp-connection/index.js:1548:34)
    at SMTPConnection.<anonymous> (/var/www/contact.moolapay.io/node_modules/nodemailer/lib/smtp-connection/index.js:546:26)
    at SMTPConnection._processResponse (/var/www/contact.moolapay.io/node_modules/nodemailer/lib/smtp-connection/index.js:953:20)
    at SMTPConnection._onData (/var/www/contact.moolapay.io/node_modules/nodemailer/lib/smtp-connection/index.js:755:14)
    at TLSSocket.SMTPConnection._onSocketData (/var/www/contact.moolapay.io/node_modules/nodemailer/lib/smtp-connection/index.js:193:44)
    at TLSSocket.emit (node:events:513:28)
    at addChunk (node:internal/streams/readable:315:12)
    at readableAddChunk (node:internal/streams/readable:289:9)
    at TLSSocket.Readable.push (node:internal/streams/readable:228:10) {
  code: 'EAUTH',
  response: '535 5.7.0 Invalid credentials',
  responseCode: 535,
  command: 'AUTH PLAIN'
}
/var/www/contact.moolapay.io/node_modules/nodemailer/lib/smtp-connection/index.js:790
            err = new Error(message);
                  ^

Error: Invalid login: 535 5.7.0 Invalid credentials
    at SMTPConnection._formatError (/var/www/contact.moolapay.io/node_modules/nodemailer/lib/smtp-connection/index.js:790:19)
    at SMTPConnection._actionAUTHComplete (/var/www/contact.moolapay.io/node_modules/nodemailer/lib/smtp-connection/index.js:1548:34)
    at SMTPConnection.<anonymous> (/var/www/contact.moolapay.io/node_modules/nodemailer/lib/smtp-connection/index.js:546:26)
    at SMTPConnection._processResponse (/var/www/contact.moolapay.io/node_modules/nodemailer/lib/smtp-connection/index.js:953:20)
    at SMTPConnection._onData (/var/www/contact.moolapay.io/node_modules/nodemailer/lib/smtp-connection/index.js:755:14)
    at TLSSocket.SMTPConnection._onSocketData (/var/www/contact.moolapay.io/node_modules/nodemailer/lib/smtp-connection/index.js:193:44)
    at TLSSocket.emit (node:events:513:28)
    at addChunk (node:internal/streams/readable:315:12)
    at readableAddChunk (node:internal/streams/readable:289:9)
    at TLSSocket.Readable.push (node:internal/streams/readable:228:10) {
  code: 'EAUTH',
  response: '535 5.7.0 Invalid credentials',
  responseCode: 535,
  command: 'AUTH PLAIN'
}
npm notice 
npm notice New major version of npm available! 8.19.3 -> 9.8.1
npm notice Changelog: <https://github.com/npm/cli/releases/tag/v9.8.1>
npm notice Run `npm install -g npm@9.8.1` to update!
npm notice 
/var/www/contact.moolapay.io/node_modules/nodemailer/lib/smtp-connection/index.js:790
            err = new Error(message);
                  ^

Error: Invalid login: 535 5.7.0 Invalid credentials
    at SMTPConnection._formatError (/var/www/contact.moolapay.io/node_modules/nodemailer/lib/smtp-connection/index.js:790:19)
    at SMTPConnection._actionAUTHComplete (/var/www/contact.moolapay.io/node_modules/nodemailer/lib/smtp-connection/index.js:1548:34)
    at SMTPConnection.<anonymous> (/var/www/contact.moolapay.io/node_modules/nodemailer/lib/smtp-connection/index.js:546:26)
    at SMTPConnection._processResponse (/var/www/contact.moolapay.io/node_modules/nodemailer/lib/smtp-connection/index.js:953:20)
    at SMTPConnection._onData (/var/www/contact.moolapay.io/node_modules/nodemailer/lib/smtp-connection/index.js:755:14)
    at TLSSocket.SMTPConnection._onSocketData (/var/www/contact.moolapay.io/node_modules/nodemailer/lib/smtp-connection/index.js:193:44)
    at TLSSocket.emit (node:events:513:28)
    at addChunk (node:internal/streams/readable:315:12)
    at readableAddChunk (node:internal/streams/readable:289:9)
    at TLSSocket.Readable.push (node:internal/streams/readable:228:10) {
  code: 'EAUTH',
  response: '535 5.7.0 Invalid credentials',
  responseCode: 535,
  command: 'AUTH PLAIN'
}
/var/www/contact.moolapay.io/node_modules/nodemailer/lib/smtp-connection/index.js:790
            err = new Error(message);
                  ^

Error: Invalid login: 535 5.7.0 Invalid credentials
    at SMTPConnection._formatError (/var/www/contact.moolapay.io/node_modules/nodemailer/lib/smtp-connection/index.js:790:19)
    at SMTPConnection._actionAUTHComplete (/var/www/contact.moolapay.io/node_modules/nodemailer/lib/smtp-connection/index.js:1548:34)
    at SMTPConnection.<anonymous> (/var/www/contact.moolapay.io/node_modules/nodemailer/lib/smtp-connection/index.js:546:26)
    at SMTPConnection._processResponse (/var/www/contact.moolapay.io/node_modules/nodemailer/lib/smtp-connection/index.js:953:20)
    at SMTPConnection._onData (/var/www/contact.moolapay.io/node_modules/nodemailer/lib/smtp-connection/index.js:755:14)
    at TLSSocket.SMTPConnection._onSocketData (/var/www/contact.moolapay.io/node_modules/nodemailer/lib/smtp-connection/index.js:193:44)
    at TLSSocket.emit (node:events:513:28)
    at addChunk (node:internal/streams/readable:315:12)
    at readableAddChunk (node:internal/streams/readable:289:9)
    at TLSSocket.Readable.push (node:internal/streams/readable:228:10) {
  code: 'EAUTH',
  response: '535 5.7.0 Invalid credentials',
  responseCode: 535,
  command: 'AUTH PLAIN'
}
/var/www/contact.moolapay.io/node_modules/nodemailer/lib/smtp-connection/index.js:790
            err = new Error(message);
                  ^

Error: Invalid login: 535 5.7.0 Invalid credentials
    at SMTPConnection._formatError (/var/www/contact.moolapay.io/node_modules/nodemailer/lib/smtp-connection/index.js:790:19)
    at SMTPConnection._actionAUTHComplete (/var/www/contact.moolapay.io/node_modules/nodemailer/lib/smtp-connection/index.js:1548:34)
    at SMTPConnection.<anonymous> (/var/www/contact.moolapay.io/node_modules/nodemailer/lib/smtp-connection/index.js:546:26)
    at SMTPConnection._processResponse (/var/www/contact.moolapay.io/node_modules/nodemailer/lib/smtp-connection/index.js:953:20)
    at SMTPConnection._onData (/var/www/contact.moolapay.io/node_modules/nodemailer/lib/smtp-connection/index.js:755:14)
    at TLSSocket.SMTPConnection._onSocketData (/var/www/contact.moolapay.io/node_modules/nodemailer/lib/smtp-connection/index.js:193:44)
    at TLSSocket.emit (node:events:513:28)
    at addChunk (node:internal/streams/readable:315:12)
    at readableAddChunk (node:internal/streams/readable:289:9)
    at TLSSocket.Readable.push (node:internal/streams/readable:228:10) {
  code: 'EAUTH',
  response: '535 5.7.0 Invalid credentials',
  responseCode: 535,
  command: 'AUTH PLAIN'
}
/var/www/contact.moolapay.io/node_modules/nodemailer/lib/smtp-connection/index.js:790
            err = new Error(message);
                  ^

Error: Invalid login: 535 5.7.0 Invalid credentials
    at SMTPConnection._formatError (/var/www/contact.moolapay.io/node_modules/nodemailer/lib/smtp-connection/index.js:790:19)
    at SMTPConnection._actionAUTHComplete (/var/www/contact.moolapay.io/node_modules/nodemailer/lib/smtp-connection/index.js:1548:34)
    at SMTPConnection.<anonymous> (/var/www/contact.moolapay.io/node_modules/nodemailer/lib/smtp-connection/index.js:546:26)
    at SMTPConnection._processResponse (/var/www/contact.moolapay.io/node_modules/nodemailer/lib/smtp-connection/index.js:953:20)
    at SMTPConnection._onData (/var/www/contact.moolapay.io/node_modules/nodemailer/lib/smtp-connection/index.js:755:14)
    at TLSSocket.SMTPConnection._onSocketData (/var/www/contact.moolapay.io/node_modules/nodemailer/lib/smtp-connection/index.js:193:44)
    at TLSSocket.emit (node:events:513:28)
    at addChunk (node:internal/streams/readable:315:12)
    at readableAddChunk (node:internal/streams/readable:289:9)
    at TLSSocket.Readable.push (node:internal/streams/readable:228:10) {
  code: 'EAUTH',
  response: '535 5.7.0 Invalid credentials',
  responseCode: 535,
  command: 'AUTH PLAIN'
}
/var/www/contact.moolapay.io/node_modules/nodemailer/lib/smtp-connection/index.js:790
            err = new Error(message);
                  ^

Error: Invalid login: 535 5.7.0 Invalid credentials
    at SMTPConnection._formatError (/var/www/contact.moolapay.io/node_modules/nodemailer/lib/smtp-connection/index.js:790:19)
    at SMTPConnection._actionAUTHComplete (/var/www/contact.moolapay.io/node_modules/nodemailer/lib/smtp-connection/index.js:1548:34)
    at SMTPConnection.<anonymous> (/var/www/contact.moolapay.io/node_modules/nodemailer/lib/smtp-connection/index.js:546:26)
    at SMTPConnection._processResponse (/var/www/contact.moolapay.io/node_modules/nodemailer/lib/smtp-connection/index.js:953:20)
    at SMTPConnection._onData (/var/www/contact.moolapay.io/node_modules/nodemailer/lib/smtp-connection/index.js:755:14)
    at TLSSocket.SMTPConnection._onSocketData (/var/www/contact.moolapay.io/node_modules/nodemailer/lib/smtp-connection/index.js:193:44)
    at TLSSocket.emit (node:events:513:28)
    at addChunk (node:internal/streams/readable:315:12)
    at readableAddChunk (node:internal/streams/readable:289:9)
    at TLSSocket.Readable.push (node:internal/streams/readable:228:10) {
  code: 'EAUTH',
  response: '535 5.7.0 Invalid credentials',
  responseCode: 535,
  command: 'AUTH PLAIN'
}
/var/www/contact.moolapay.io/node_modules/nodemailer/lib/smtp-connection/index.js:790
            err = new Error(message);
                  ^

Error: Invalid login: 535 5.7.0 Invalid credentials
    at SMTPConnection._formatError (/var/www/contact.moolapay.io/node_modules/nodemailer/lib/smtp-connection/index.js:790:19)
    at SMTPConnection._actionAUTHComplete (/var/www/contact.moolapay.io/node_modules/nodemailer/lib/smtp-connection/index.js:1548:34)
    at SMTPConnection.<anonymous> (/var/www/contact.moolapay.io/node_modules/nodemailer/lib/smtp-connection/index.js:546:26)
    at SMTPConnection._processResponse (/var/www/contact.moolapay.io/node_modules/nodemailer/lib/smtp-connection/index.js:953:20)
    at SMTPConnection._onData (/var/www/contact.moolapay.io/node_modules/nodemailer/lib/smtp-connection/index.js:755:14)
    at TLSSocket.SMTPConnection._onSocketData (/var/www/contact.moolapay.io/node_modules/nodemailer/lib/smtp-connection/index.js:193:44)
    at TLSSocket.emit (node:events:513:28)
    at addChunk (node:internal/streams/readable:315:12)
    at readableAddChunk (node:internal/streams/readable:289:9)
    at TLSSocket.Readable.push (node:internal/streams/readable:228:10) {
  code: 'EAUTH',
  response: '535 5.7.0 Invalid credentials',
  responseCode: 535,
  command: 'AUTH PLAIN'
}
/var/www/contact.moolapay.io/node_modules/nodemailer/lib/smtp-connection/index.js:790
            err = new Error(message);
                  ^

Error: Invalid login: 535 5.7.0 Invalid credentials
    at SMTPConnection._formatError (/var/www/contact.moolapay.io/node_modules/nodemailer/lib/smtp-connection/index.js:790:19)
    at SMTPConnection._actionAUTHComplete (/var/www/contact.moolapay.io/node_modules/nodemailer/lib/smtp-connection/index.js:1548:34)
    at SMTPConnection.<anonymous> (/var/www/contact.moolapay.io/node_modules/nodemailer/lib/smtp-connection/index.js:546:26)
    at SMTPConnection._processResponse (/var/www/contact.moolapay.io/node_modules/nodemailer/lib/smtp-connection/index.js:953:20)
    at SMTPConnection._onData (/var/www/contact.moolapay.io/node_modules/nodemailer/lib/smtp-connection/index.js:755:14)
    at TLSSocket.SMTPConnection._onSocketData (/var/www/contact.moolapay.io/node_modules/nodemailer/lib/smtp-connection/index.js:193:44)
    at TLSSocket.emit (node:events:513:28)
    at addChunk (node:internal/streams/readable:315:12)
    at readableAddChunk (node:internal/streams/readable:289:9)
    at TLSSocket.Readable.push (node:internal/streams/readable:228:10) {
  code: 'EAUTH',
  response: '535 5.7.0 Invalid credentials',
  responseCode: 535,
  command: 'AUTH PLAIN'
}
/var/www/contact.moolapay.io/node_modules/nodemailer/lib/smtp-connection/index.js:790
            err = new Error(message);
                  ^

Error: Invalid login: 535 5.7.0 Invalid credentials
    at SMTPConnection._formatError (/var/www/contact.moolapay.io/node_modules/nodemailer/lib/smtp-connection/index.js:790:19)
    at SMTPConnection._actionAUTHComplete (/var/www/contact.moolapay.io/node_modules/nodemailer/lib/smtp-connection/index.js:1548:34)
    at SMTPConnection.<anonymous> (/var/www/contact.moolapay.io/node_modules/nodemailer/lib/smtp-connection/index.js:546:26)
    at SMTPConnection._processResponse (/var/www/contact.moolapay.io/node_modules/nodemailer/lib/smtp-connection/index.js:953:20)
    at SMTPConnection._onData (/var/www/contact.moolapay.io/node_modules/nodemailer/lib/smtp-connection/index.js:755:14)
    at TLSSocket.SMTPConnection._onSocketData (/var/www/contact.moolapay.io/node_modules/nodemailer/lib/smtp-connection/index.js:193:44)
    at TLSSocket.emit (node:events:513:28)
    at addChunk (node:internal/streams/readable:315:12)
    at readableAddChunk (node:internal/streams/readable:289:9)
    at TLSSocket.Readable.push (node:internal/streams/readable:228:10) {
  code: 'EAUTH',
  response: '535 5.7.0 Invalid credentials',
  responseCode: 535,
  command: 'AUTH PLAIN'
}
/var/www/contact.moolapay.io/node_modules/nodemailer/lib/smtp-connection/index.js:790
            err = new Error(message);
                  ^

Error: Invalid login: 535 5.7.0 Invalid credentials
    at SMTPConnection._formatError (/var/www/contact.moolapay.io/node_modules/nodemailer/lib/smtp-connection/index.js:790:19)
    at SMTPConnection._actionAUTHComplete (/var/www/contact.moolapay.io/node_modules/nodemailer/lib/smtp-connection/index.js:1548:34)
    at SMTPConnection.<anonymous> (/var/www/contact.moolapay.io/node_modules/nodemailer/lib/smtp-connection/index.js:546:26)
    at SMTPConnection._processResponse (/var/www/contact.moolapay.io/node_modules/nodemailer/lib/smtp-connection/index.js:953:20)
    at SMTPConnection._onData (/var/www/contact.moolapay.io/node_modules/nodemailer/lib/smtp-connection/index.js:755:14)
    at TLSSocket.SMTPConnection._onSocketData (/var/www/contact.moolapay.io/node_modules/nodemailer/lib/smtp-connection/index.js:193:44)
    at TLSSocket.emit (node:events:513:28)
    at addChunk (node:internal/streams/readable:315:12)
    at readableAddChunk (node:internal/streams/readable:289:9)
    at TLSSocket.Readable.push (node:internal/streams/readable:228:10) {
  code: 'EAUTH',
  response: '535 5.7.0 Invalid credentials',
  responseCode: 535,
  command: 'AUTH PLAIN'
}
/var/www/contact.moolapay.io/node_modules/nodemailer/lib/smtp-connection/index.js:790
            err = new Error(message);
                  ^

Error: Invalid login: 535 5.7.0 Invalid credentials
    at SMTPConnection._formatError (/var/www/contact.moolapay.io/node_modules/nodemailer/lib/smtp-connection/index.js:790:19)
    at SMTPConnection._actionAUTHComplete (/var/www/contact.moolapay.io/node_modules/nodemailer/lib/smtp-connection/index.js:1548:34)
    at SMTPConnection.<anonymous> (/var/www/contact.moolapay.io/node_modules/nodemailer/lib/smtp-connection/index.js:546:26)
    at SMTPConnection._processResponse (/var/www/contact.moolapay.io/node_modules/nodemailer/lib/smtp-connection/index.js:953:20)
    at SMTPConnection._onData (/var/www/contact.moolapay.io/node_modules/nodemailer/lib/smtp-connection/index.js:755:14)
    at TLSSocket.SMTPConnection._onSocketData (/var/www/contact.moolapay.io/node_modules/nodemailer/lib/smtp-connection/index.js:193:44)
    at TLSSocket.emit (node:events:513:28)
    at addChunk (node:internal/streams/readable:315:12)
    at readableAddChunk (node:internal/streams/readable:289:9)
    at TLSSocket.Readable.push (node:internal/streams/readable:228:10) {
  code: 'EAUTH',
  response: '535 5.7.0 Invalid credentials',
  responseCode: 535,
  command: 'AUTH PLAIN'
}
/var/www/contact.moolapay.io/node_modules/nodemailer/lib/smtp-connection/index.js:790
            err = new Error(message);
                  ^

Error: Invalid login: 535 5.7.0 Invalid credentials
    at SMTPConnection._formatError (/var/www/contact.moolapay.io/node_modules/nodemailer/lib/smtp-connection/index.js:790:19)
    at SMTPConnection._actionAUTHComplete (/var/www/contact.moolapay.io/node_modules/nodemailer/lib/smtp-connection/index.js:1548:34)
    at SMTPConnection.<anonymous> (/var/www/contact.moolapay.io/node_modules/nodemailer/lib/smtp-connection/index.js:546:26)
    at SMTPConnection._processResponse (/var/www/contact.moolapay.io/node_modules/nodemailer/lib/smtp-connection/index.js:953:20)
    at SMTPConnection._onData (/var/www/contact.moolapay.io/node_modules/nodemailer/lib/smtp-connection/index.js:755:14)
    at TLSSocket.SMTPConnection._onSocketData (/var/www/contact.moolapay.io/node_modules/nodemailer/lib/smtp-connection/index.js:193:44)
    at TLSSocket.emit (node:events:513:28)
    at addChunk (node:internal/streams/readable:315:12)
    at readableAddChunk (node:internal/streams/readable:289:9)
    at TLSSocket.Readable.push (node:internal/streams/readable:228:10) {
  code: 'EAUTH',
  response: '535 5.7.0 Invalid credentials',
  responseCode: 535,
  command: 'AUTH PLAIN'
}
/var/www/contact.moolapay.io/node_modules/nodemailer/lib/smtp-connection/index.js:790
            err = new Error(message);
                  ^

Error: Invalid login: 535 5.7.0 Invalid credentials
    at SMTPConnection._formatError (/var/www/contact.moolapay.io/node_modules/nodemailer/lib/smtp-connection/index.js:790:19)
    at SMTPConnection._actionAUTHComplete (/var/www/contact.moolapay.io/node_modules/nodemailer/lib/smtp-connection/index.js:1548:34)
    at SMTPConnection.<anonymous> (/var/www/contact.moolapay.io/node_modules/nodemailer/lib/smtp-connection/index.js:546:26)
    at SMTPConnection._processResponse (/var/www/contact.moolapay.io/node_modules/nodemailer/lib/smtp-connection/index.js:953:20)
    at SMTPConnection._onData (/var/www/contact.moolapay.io/node_modules/nodemailer/lib/smtp-connection/index.js:755:14)
    at TLSSocket.SMTPConnection._onSocketData (/var/www/contact.moolapay.io/node_modules/nodemailer/lib/smtp-connection/index.js:193:44)
    at TLSSocket.emit (node:events:513:28)
    at addChunk (node:internal/streams/readable:315:12)
    at readableAddChunk (node:internal/streams/readable:289:9)
    at TLSSocket.Readable.push (node:internal/streams/readable:228:10) {
  code: 'EAUTH',
  response: '535 5.7.0 Invalid credentials',
  responseCode: 535,
  command: 'AUTH PLAIN'
}
/var/www/contact.moolapay.io/node_modules/nodemailer/lib/smtp-connection/index.js:790
            err = new Error(message);
                  ^

Error: Invalid login: 535 5.7.0 Invalid credentials
    at SMTPConnection._formatError (/var/www/contact.moolapay.io/node_modules/nodemailer/lib/smtp-connection/index.js:790:19)
    at SMTPConnection._actionAUTHComplete (/var/www/contact.moolapay.io/node_modules/nodemailer/lib/smtp-connection/index.js:1548:34)
    at SMTPConnection.<anonymous> (/var/www/contact.moolapay.io/node_modules/nodemailer/lib/smtp-connection/index.js:546:26)
    at SMTPConnection._processResponse (/var/www/contact.moolapay.io/node_modules/nodemailer/lib/smtp-connection/index.js:953:20)
    at SMTPConnection._onData (/var/www/contact.moolapay.io/node_modules/nodemailer/lib/smtp-connection/index.js:755:14)
    at TLSSocket.SMTPConnection._onSocketData (/var/www/contact.moolapay.io/node_modules/nodemailer/lib/smtp-connection/index.js:193:44)
    at TLSSocket.emit (node:events:513:28)
    at addChunk (node:internal/streams/readable:315:12)
    at readableAddChunk (node:internal/streams/readable:289:9)
    at TLSSocket.Readable.push (node:internal/streams/readable:228:10) {
  code: 'EAUTH',
  response: '535 5.7.0 Invalid credentials',
  responseCode: 535,
  command: 'AUTH PLAIN'
}
/var/www/contact.moolapay.io/node_modules/nodemailer/lib/smtp-connection/index.js:790
            err = new Error(message);
                  ^

Error: Invalid login: 535 5.7.0 Invalid credentials
    at SMTPConnection._formatError (/var/www/contact.moolapay.io/node_modules/nodemailer/lib/smtp-connection/index.js:790:19)
    at SMTPConnection._actionAUTHComplete (/var/www/contact.moolapay.io/node_modules/nodemailer/lib/smtp-connection/index.js:1548:34)
    at SMTPConnection.<anonymous> (/var/www/contact.moolapay.io/node_modules/nodemailer/lib/smtp-connection/index.js:546:26)
    at SMTPConnection._processResponse (/var/www/contact.moolapay.io/node_modules/nodemailer/lib/smtp-connection/index.js:953:20)
    at SMTPConnection._onData (/var/www/contact.moolapay.io/node_modules/nodemailer/lib/smtp-connection/index.js:755:14)
    at TLSSocket.SMTPConnection._onSocketData (/var/www/contact.moolapay.io/node_modules/nodemailer/lib/smtp-connection/index.js:193:44)
    at TLSSocket.emit (node:events:513:28)
    at addChunk (node:internal/streams/readable:315:12)
    at readableAddChunk (node:internal/streams/readable:289:9)
    at TLSSocket.Readable.push (node:internal/streams/readable:228:10) {
  code: 'EAUTH',
  response: '535 5.7.0 Invalid credentials',
  responseCode: 535,
  command: 'AUTH PLAIN'
}
/var/www/contact.moolapay.io/node_modules/nodemailer/lib/smtp-connection/index.js:790
            err = new Error(message);
                  ^

Error: Invalid login: 535 5.7.0 Invalid credentials
    at SMTPConnection._formatError (/var/www/contact.moolapay.io/node_modules/nodemailer/lib/smtp-connection/index.js:790:19)
    at SMTPConnection._actionAUTHComplete (/var/www/contact.moolapay.io/node_modules/nodemailer/lib/smtp-connection/index.js:1548:34)
    at SMTPConnection.<anonymous> (/var/www/contact.moolapay.io/node_modules/nodemailer/lib/smtp-connection/index.js:546:26)
    at SMTPConnection._processResponse (/var/www/contact.moolapay.io/node_modules/nodemailer/lib/smtp-connection/index.js:953:20)
    at SMTPConnection._onData (/var/www/contact.moolapay.io/node_modules/nodemailer/lib/smtp-connection/index.js:755:14)
    at TLSSocket.SMTPConnection._onSocketData (/var/www/contact.moolapay.io/node_modules/nodemailer/lib/smtp-connection/index.js:193:44)
    at TLSSocket.emit (node:events:513:28)
    at addChunk (node:internal/streams/readable:315:12)
    at readableAddChunk (node:internal/streams/readable:289:9)
    at TLSSocket.Readable.push (node:internal/streams/readable:228:10) {
  code: 'EAUTH',
  response: '535 5.7.0 Invalid credentials',
  responseCode: 535,
  command: 'AUTH PLAIN'
}
/var/www/contact.moolapay.io/node_modules/nodemailer/lib/smtp-connection/index.js:790
            err = new Error(message);
                  ^

Error: Invalid login: 535 5.7.0 Invalid credentials
    at SMTPConnection._formatError (/var/www/contact.moolapay.io/node_modules/nodemailer/lib/smtp-connection/index.js:790:19)
    at SMTPConnection._actionAUTHComplete (/var/www/contact.moolapay.io/node_modules/nodemailer/lib/smtp-connection/index.js:1548:34)
    at SMTPConnection.<anonymous> (/var/www/contact.moolapay.io/node_modules/nodemailer/lib/smtp-connection/index.js:546:26)
    at SMTPConnection._processResponse (/var/www/contact.moolapay.io/node_modules/nodemailer/lib/smtp-connection/index.js:953:20)
    at SMTPConnection._onData (/var/www/contact.moolapay.io/node_modules/nodemailer/lib/smtp-connection/index.js:755:14)
    at TLSSocket.SMTPConnection._onSocketData (/var/www/contact.moolapay.io/node_modules/nodemailer/lib/smtp-connection/index.js:193:44)
    at TLSSocket.emit (node:events:513:28)
    at addChunk (node:internal/streams/readable:315:12)
    at readableAddChunk (node:internal/streams/readable:289:9)
    at TLSSocket.Readable.push (node:internal/streams/readable:228:10) {
  code: 'EAUTH',
  response: '535 5.7.0 Invalid credentials',
  responseCode: 535,
  command: 'AUTH PLAIN'
}
npm notice 
npm notice New major version of npm available! 8.19.3 -> 10.1.0
npm notice Changelog: <https://github.com/npm/cli/releases/tag/v10.1.0>
npm notice Run `npm install -g npm@10.1.0` to update!
npm notice 
/var/www/contact.moolapay.io/node_modules/nodemailer/lib/smtp-connection/index.js:790
            err = new Error(message);
                  ^

Error: Invalid login: 535 5.7.0 Invalid credentials
    at SMTPConnection._formatError (/var/www/contact.moolapay.io/node_modules/nodemailer/lib/smtp-connection/index.js:790:19)
    at SMTPConnection._actionAUTHComplete (/var/www/contact.moolapay.io/node_modules/nodemailer/lib/smtp-connection/index.js:1548:34)
    at SMTPConnection.<anonymous> (/var/www/contact.moolapay.io/node_modules/nodemailer/lib/smtp-connection/index.js:546:26)
    at SMTPConnection._processResponse (/var/www/contact.moolapay.io/node_modules/nodemailer/lib/smtp-connection/index.js:953:20)
    at SMTPConnection._onData (/var/www/contact.moolapay.io/node_modules/nodemailer/lib/smtp-connection/index.js:755:14)
    at TLSSocket.SMTPConnection._onSocketData (/var/www/contact.moolapay.io/node_modules/nodemailer/lib/smtp-connection/index.js:193:44)
    at TLSSocket.emit (node:events:513:28)
    at addChunk (node:internal/streams/readable:315:12)
    at readableAddChunk (node:internal/streams/readable:289:9)
    at TLSSocket.Readable.push (node:internal/streams/readable:228:10) {
  code: 'EAUTH',
  response: '535 5.7.0 Invalid credentials',
  responseCode: 535,
  command: 'AUTH PLAIN'
}
/var/www/contact.moolapay.io/node_modules/nodemailer/lib/smtp-connection/index.js:790
            err = new Error(message);
                  ^

Error: Invalid login: 535 5.7.0 Invalid credentials
    at SMTPConnection._formatError (/var/www/contact.moolapay.io/node_modules/nodemailer/lib/smtp-connection/index.js:790:19)
    at SMTPConnection._actionAUTHComplete (/var/www/contact.moolapay.io/node_modules/nodemailer/lib/smtp-connection/index.js:1548:34)
    at SMTPConnection.<anonymous> (/var/www/contact.moolapay.io/node_modules/nodemailer/lib/smtp-connection/index.js:546:26)
    at SMTPConnection._processResponse (/var/www/contact.moolapay.io/node_modules/nodemailer/lib/smtp-connection/index.js:953:20)
    at SMTPConnection._onData (/var/www/contact.moolapay.io/node_modules/nodemailer/lib/smtp-connection/index.js:755:14)
    at TLSSocket.SMTPConnection._onSocketData (/var/www/contact.moolapay.io/node_modules/nodemailer/lib/smtp-connection/index.js:193:44)
    at TLSSocket.emit (node:events:513:28)
    at addChunk (node:internal/streams/readable:315:12)
    at readableAddChunk (node:internal/streams/readable:289:9)
    at TLSSocket.Readable.push (node:internal/streams/readable:228:10) {
  code: 'EAUTH',
  response: '535 5.7.0 Invalid credentials',
  responseCode: 535,
  command: 'AUTH PLAIN'
}
/var/www/contact.moolapay.io/node_modules/nodemailer/lib/smtp-connection/index.js:790
            err = new Error(message);
                  ^

Error: Invalid login: 535 5.7.0 Invalid credentials
    at SMTPConnection._formatError (/var/www/contact.moolapay.io/node_modules/nodemailer/lib/smtp-connection/index.js:790:19)
    at SMTPConnection._actionAUTHComplete (/var/www/contact.moolapay.io/node_modules/nodemailer/lib/smtp-connection/index.js:1548:34)
    at SMTPConnection.<anonymous> (/var/www/contact.moolapay.io/node_modules/nodemailer/lib/smtp-connection/index.js:546:26)
    at SMTPConnection._processResponse (/var/www/contact.moolapay.io/node_modules/nodemailer/lib/smtp-connection/index.js:953:20)
    at SMTPConnection._onData (/var/www/contact.moolapay.io/node_modules/nodemailer/lib/smtp-connection/index.js:755:14)
    at TLSSocket.SMTPConnection._onSocketData (/var/www/contact.moolapay.io/node_modules/nodemailer/lib/smtp-connection/index.js:193:44)
    at TLSSocket.emit (node:events:513:28)
    at addChunk (node:internal/streams/readable:315:12)
    at readableAddChunk (node:internal/streams/readable:289:9)
    at TLSSocket.Readable.push (node:internal/streams/readable:228:10) {
  code: 'EAUTH',
  response: '535 5.7.0 Invalid credentials',
  responseCode: 535,
  command: 'AUTH PLAIN'
}
/var/www/contact.moolapay.io/node_modules/nodemailer/lib/smtp-connection/index.js:790
            err = new Error(message);
                  ^

Error: Invalid login: 535 5.7.0 Invalid credentials
    at SMTPConnection._formatError (/var/www/contact.moolapay.io/node_modules/nodemailer/lib/smtp-connection/index.js:790:19)
    at SMTPConnection._actionAUTHComplete (/var/www/contact.moolapay.io/node_modules/nodemailer/lib/smtp-connection/index.js:1548:34)
    at SMTPConnection.<anonymous> (/var/www/contact.moolapay.io/node_modules/nodemailer/lib/smtp-connection/index.js:546:26)
    at SMTPConnection._processResponse (/var/www/contact.moolapay.io/node_modules/nodemailer/lib/smtp-connection/index.js:953:20)
    at SMTPConnection._onData (/var/www/contact.moolapay.io/node_modules/nodemailer/lib/smtp-connection/index.js:755:14)
    at TLSSocket.SMTPConnection._onSocketData (/var/www/contact.moolapay.io/node_modules/nodemailer/lib/smtp-connection/index.js:193:44)
    at TLSSocket.emit (node:events:513:28)
    at addChunk (node:internal/streams/readable:315:12)
    at readableAddChunk (node:internal/streams/readable:289:9)
    at TLSSocket.Readable.push (node:internal/streams/readable:228:10) {
  code: 'EAUTH',
  response: '535 5.7.0 Invalid credentials',
  responseCode: 535,
  command: 'AUTH PLAIN'
}
/var/www/contact.moolapay.io/node_modules/nodemailer/lib/smtp-connection/index.js:790
            err = new Error(message);
                  ^

Error: Invalid login: 535 5.7.0 Invalid credentials
    at SMTPConnection._formatError (/var/www/contact.moolapay.io/node_modules/nodemailer/lib/smtp-connection/index.js:790:19)
    at SMTPConnection._actionAUTHComplete (/var/www/contact.moolapay.io/node_modules/nodemailer/lib/smtp-connection/index.js:1548:34)
    at SMTPConnection.<anonymous> (/var/www/contact.moolapay.io/node_modules/nodemailer/lib/smtp-connection/index.js:546:26)
    at SMTPConnection._processResponse (/var/www/contact.moolapay.io/node_modules/nodemailer/lib/smtp-connection/index.js:953:20)
    at SMTPConnection._onData (/var/www/contact.moolapay.io/node_modules/nodemailer/lib/smtp-connection/index.js:755:14)
    at TLSSocket.SMTPConnection._onSocketData (/var/www/contact.moolapay.io/node_modules/nodemailer/lib/smtp-connection/index.js:193:44)
    at TLSSocket.emit (node:events:513:28)
    at addChunk (node:internal/streams/readable:315:12)
    at readableAddChunk (node:internal/streams/readable:289:9)
    at TLSSocket.Readable.push (node:internal/streams/readable:228:10) {
  code: 'EAUTH',
  response: '535 5.7.0 Invalid credentials',
  responseCode: 535,
  command: 'AUTH PLAIN'
}
/var/www/contact.moolapay.io/node_modules/nodemailer/lib/smtp-connection/index.js:790
            err = new Error(message);
                  ^

Error: Invalid login: 535 5.7.0 Invalid credentials
    at SMTPConnection._formatError (/var/www/contact.moolapay.io/node_modules/nodemailer/lib/smtp-connection/index.js:790:19)
    at SMTPConnection._actionAUTHComplete (/var/www/contact.moolapay.io/node_modules/nodemailer/lib/smtp-connection/index.js:1548:34)
    at SMTPConnection.<anonymous> (/var/www/contact.moolapay.io/node_modules/nodemailer/lib/smtp-connection/index.js:546:26)
    at SMTPConnection._processResponse (/var/www/contact.moolapay.io/node_modules/nodemailer/lib/smtp-connection/index.js:953:20)
    at SMTPConnection._onData (/var/www/contact.moolapay.io/node_modules/nodemailer/lib/smtp-connection/index.js:755:14)
    at TLSSocket.SMTPConnection._onSocketData (/var/www/contact.moolapay.io/node_modules/nodemailer/lib/smtp-connection/index.js:193:44)
    at TLSSocket.emit (node:events:513:28)
    at addChunk (node:internal/streams/readable:315:12)
    at readableAddChunk (node:internal/streams/readable:289:9)
    at TLSSocket.Readable.push (node:internal/streams/readable:228:10) {
  code: 'EAUTH',
  response: '535 5.7.0 Invalid credentials',
  responseCode: 535,
  command: 'AUTH PLAIN'
}
/var/www/contact.moolapay.io/node_modules/nodemailer/lib/smtp-connection/index.js:790
            err = new Error(message);
                  ^

Error: Invalid login: 535 5.7.0 Invalid credentials
    at SMTPConnection._formatError (/var/www/contact.moolapay.io/node_modules/nodemailer/lib/smtp-connection/index.js:790:19)
    at SMTPConnection._actionAUTHComplete (/var/www/contact.moolapay.io/node_modules/nodemailer/lib/smtp-connection/index.js:1548:34)
    at SMTPConnection.<anonymous> (/var/www/contact.moolapay.io/node_modules/nodemailer/lib/smtp-connection/index.js:546:26)
    at SMTPConnection._processResponse (/var/www/contact.moolapay.io/node_modules/nodemailer/lib/smtp-connection/index.js:953:20)
    at SMTPConnection._onData (/var/www/contact.moolapay.io/node_modules/nodemailer/lib/smtp-connection/index.js:755:14)
    at TLSSocket.SMTPConnection._onSocketData (/var/www/contact.moolapay.io/node_modules/nodemailer/lib/smtp-connection/index.js:193:44)
    at TLSSocket.emit (node:events:513:28)
    at addChunk (node:internal/streams/readable:315:12)
    at readableAddChunk (node:internal/streams/readable:289:9)
    at TLSSocket.Readable.push (node:internal/streams/readable:228:10) {
  code: 'EAUTH',
  response: '535 5.7.0 Invalid credentials',
  responseCode: 535,
  command: 'AUTH PLAIN'
}
/var/www/contact.moolapay.io/node_modules/nodemailer/lib/smtp-connection/index.js:790
            err = new Error(message);
                  ^

Error: Invalid login: 535 5.7.0 Invalid credentials
    at SMTPConnection._formatError (/var/www/contact.moolapay.io/node_modules/nodemailer/lib/smtp-connection/index.js:790:19)
    at SMTPConnection._actionAUTHComplete (/var/www/contact.moolapay.io/node_modules/nodemailer/lib/smtp-connection/index.js:1548:34)
    at SMTPConnection.<anonymous> (/var/www/contact.moolapay.io/node_modules/nodemailer/lib/smtp-connection/index.js:546:26)
    at SMTPConnection._processResponse (/var/www/contact.moolapay.io/node_modules/nodemailer/lib/smtp-connection/index.js:953:20)
    at SMTPConnection._onData (/var/www/contact.moolapay.io/node_modules/nodemailer/lib/smtp-connection/index.js:755:14)
    at TLSSocket.SMTPConnection._onSocketData (/var/www/contact.moolapay.io/node_modules/nodemailer/lib/smtp-connection/index.js:193:44)
    at TLSSocket.emit (node:events:513:28)
    at addChunk (node:internal/streams/readable:315:12)
    at readableAddChunk (node:internal/streams/readable:289:9)
    at TLSSocket.Readable.push (node:internal/streams/readable:228:10) {
  code: 'EAUTH',
  response: '535 5.7.0 Invalid credentials',
  responseCode: 535,
  command: 'AUTH PLAIN'
}
/var/www/contact.moolapay.io/node_modules/nodemailer/lib/smtp-connection/index.js:790
            err = new Error(message);
                  ^

Error: Invalid login: 535 5.7.0 Invalid credentials
    at SMTPConnection._formatError (/var/www/contact.moolapay.io/node_modules/nodemailer/lib/smtp-connection/index.js:790:19)
    at SMTPConnection._actionAUTHComplete (/var/www/contact.moolapay.io/node_modules/nodemailer/lib/smtp-connection/index.js:1548:34)
    at SMTPConnection.<anonymous> (/var/www/contact.moolapay.io/node_modules/nodemailer/lib/smtp-connection/index.js:546:26)
    at SMTPConnection._processResponse (/var/www/contact.moolapay.io/node_modules/nodemailer/lib/smtp-connection/index.js:953:20)
    at SMTPConnection._onData (/var/www/contact.moolapay.io/node_modules/nodemailer/lib/smtp-connection/index.js:755:14)
    at TLSSocket.SMTPConnection._onSocketData (/var/www/contact.moolapay.io/node_modules/nodemailer/lib/smtp-connection/index.js:193:44)
    at TLSSocket.emit (node:events:513:28)
    at addChunk (node:internal/streams/readable:315:12)
    at readableAddChunk (node:internal/streams/readable:289:9)
    at TLSSocket.Readable.push (node:internal/streams/readable:228:10) {
  code: 'EAUTH',
  response: '535 5.7.0 Invalid credentials',
  responseCode: 535,
  command: 'AUTH PLAIN'
}
/var/www/contact.moolapay.io/node_modules/nodemailer/lib/smtp-connection/index.js:790
            err = new Error(message);
                  ^

Error: Invalid login: 535 5.7.0 Invalid credentials
    at SMTPConnection._formatError (/var/www/contact.moolapay.io/node_modules/nodemailer/lib/smtp-connection/index.js:790:19)
    at SMTPConnection._actionAUTHComplete (/var/www/contact.moolapay.io/node_modules/nodemailer/lib/smtp-connection/index.js:1548:34)
    at SMTPConnection.<anonymous> (/var/www/contact.moolapay.io/node_modules/nodemailer/lib/smtp-connection/index.js:546:26)
    at SMTPConnection._processResponse (/var/www/contact.moolapay.io/node_modules/nodemailer/lib/smtp-connection/index.js:953:20)
    at SMTPConnection._onData (/var/www/contact.moolapay.io/node_modules/nodemailer/lib/smtp-connection/index.js:755:14)
    at TLSSocket.SMTPConnection._onSocketData (/var/www/contact.moolapay.io/node_modules/nodemailer/lib/smtp-connection/index.js:193:44)
    at TLSSocket.emit (node:events:513:28)
    at addChunk (node:internal/streams/readable:315:12)
    at readableAddChunk (node:internal/streams/readable:289:9)
    at TLSSocket.Readable.push (node:internal/streams/readable:228:10) {
  code: 'EAUTH',
  response: '535 5.7.0 Invalid credentials',
  responseCode: 535,
  command: 'AUTH PLAIN'
}
/var/www/contact.moolapay.io/node_modules/nodemailer/lib/smtp-connection/index.js:790
            err = new Error(message);
                  ^

Error: Invalid login: 535 5.7.0 Invalid credentials
    at SMTPConnection._formatError (/var/www/contact.moolapay.io/node_modules/nodemailer/lib/smtp-connection/index.js:790:19)
    at SMTPConnection._actionAUTHComplete (/var/www/contact.moolapay.io/node_modules/nodemailer/lib/smtp-connection/index.js:1548:34)
    at SMTPConnection.<anonymous> (/var/www/contact.moolapay.io/node_modules/nodemailer/lib/smtp-connection/index.js:546:26)
    at SMTPConnection._processResponse (/var/www/contact.moolapay.io/node_modules/nodemailer/lib/smtp-connection/index.js:953:20)
    at SMTPConnection._onData (/var/www/contact.moolapay.io/node_modules/nodemailer/lib/smtp-connection/index.js:755:14)
    at TLSSocket.SMTPConnection._onSocketData (/var/www/contact.moolapay.io/node_modules/nodemailer/lib/smtp-connection/index.js:193:44)
    at TLSSocket.emit (node:events:513:28)
    at addChunk (node:internal/streams/readable:315:12)
    at readableAddChunk (node:internal/streams/readable:289:9)
    at TLSSocket.Readable.push (node:internal/streams/readable:228:10) {
  code: 'EAUTH',
  response: '535 5.7.0 Invalid credentials',
  responseCode: 535,
  command: 'AUTH PLAIN'
}
/var/www/contact.moolapay.io/node_modules/nodemailer/lib/smtp-connection/index.js:790
            err = new Error(message);
                  ^

Error: Invalid login: 535 5.7.0 Invalid credentials
    at SMTPConnection._formatError (/var/www/contact.moolapay.io/node_modules/nodemailer/lib/smtp-connection/index.js:790:19)
    at SMTPConnection._actionAUTHComplete (/var/www/contact.moolapay.io/node_modules/nodemailer/lib/smtp-connection/index.js:1548:34)
    at SMTPConnection.<anonymous> (/var/www/contact.moolapay.io/node_modules/nodemailer/lib/smtp-connection/index.js:546:26)
    at SMTPConnection._processResponse (/var/www/contact.moolapay.io/node_modules/nodemailer/lib/smtp-connection/index.js:953:20)
    at SMTPConnection._onData (/var/www/contact.moolapay.io/node_modules/nodemailer/lib/smtp-connection/index.js:755:14)
    at TLSSocket.SMTPConnection._onSocketData (/var/www/contact.moolapay.io/node_modules/nodemailer/lib/smtp-connection/index.js:193:44)
    at TLSSocket.emit (node:events:513:28)
    at addChunk (node:internal/streams/readable:315:12)
    at readableAddChunk (node:internal/streams/readable:289:9)
    at TLSSocket.Readable.push (node:internal/streams/readable:228:10) {
  code: 'EAUTH',
  response: '535 5.7.0 Invalid credentials',
  responseCode: 535,
  command: 'AUTH PLAIN'
}
/var/www/contact.moolapay.io/node_modules/nodemailer/lib/smtp-connection/index.js:790
            err = new Error(message);
                  ^

Error: Invalid login: 535 5.7.0 Invalid credentials
    at SMTPConnection._formatError (/var/www/contact.moolapay.io/node_modules/nodemailer/lib/smtp-connection/index.js:790:19)
    at SMTPConnection._actionAUTHComplete (/var/www/contact.moolapay.io/node_modules/nodemailer/lib/smtp-connection/index.js:1548:34)
    at SMTPConnection.<anonymous> (/var/www/contact.moolapay.io/node_modules/nodemailer/lib/smtp-connection/index.js:546:26)
    at SMTPConnection._processResponse (/var/www/contact.moolapay.io/node_modules/nodemailer/lib/smtp-connection/index.js:953:20)
    at SMTPConnection._onData (/var/www/contact.moolapay.io/node_modules/nodemailer/lib/smtp-connection/index.js:755:14)
    at TLSSocket.SMTPConnection._onSocketData (/var/www/contact.moolapay.io/node_modules/nodemailer/lib/smtp-connection/index.js:193:44)
    at TLSSocket.emit (node:events:513:28)
    at addChunk (node:internal/streams/readable:315:12)
    at readableAddChunk (node:internal/streams/readable:289:9)
    at TLSSocket.Readable.push (node:internal/streams/readable:228:10) {
  code: 'EAUTH',
  response: '535 5.7.0 Invalid credentials',
  responseCode: 535,
  command: 'AUTH PLAIN'
}
/var/www/contact.moolapay.io/node_modules/nodemailer/lib/smtp-connection/index.js:790
            err = new Error(message);
                  ^

Error: Invalid login: 535 5.7.0 Invalid credentials
    at SMTPConnection._formatError (/var/www/contact.moolapay.io/node_modules/nodemailer/lib/smtp-connection/index.js:790:19)
    at SMTPConnection._actionAUTHComplete (/var/www/contact.moolapay.io/node_modules/nodemailer/lib/smtp-connection/index.js:1548:34)
    at SMTPConnection.<anonymous> (/var/www/contact.moolapay.io/node_modules/nodemailer/lib/smtp-connection/index.js:546:26)
    at SMTPConnection._processResponse (/var/www/contact.moolapay.io/node_modules/nodemailer/lib/smtp-connection/index.js:953:20)
    at SMTPConnection._onData (/var/www/contact.moolapay.io/node_modules/nodemailer/lib/smtp-connection/index.js:755:14)
    at TLSSocket.SMTPConnection._onSocketData (/var/www/contact.moolapay.io/node_modules/nodemailer/lib/smtp-connection/index.js:193:44)
    at TLSSocket.emit (node:events:513:28)
    at addChunk (node:internal/streams/readable:315:12)
    at readableAddChunk (node:internal/streams/readable:289:9)
    at TLSSocket.Readable.push (node:internal/streams/readable:228:10) {
  code: 'EAUTH',
  response: '535 5.7.0 Invalid credentials',
  responseCode: 535,
  command: 'AUTH PLAIN'
}
/var/www/contact.moolapay.io/node_modules/nodemailer/lib/smtp-connection/index.js:790
            err = new Error(message);
                  ^

Error: Invalid login: 535 5.7.0 Too many failed login attempts
    at SMTPConnection._formatError (/var/www/contact.moolapay.io/node_modules/nodemailer/lib/smtp-connection/index.js:790:19)
    at SMTPConnection._actionAUTHComplete (/var/www/contact.moolapay.io/node_modules/nodemailer/lib/smtp-connection/index.js:1548:34)
    at SMTPConnection.<anonymous> (/var/www/contact.moolapay.io/node_modules/nodemailer/lib/smtp-connection/index.js:546:26)
    at SMTPConnection._processResponse (/var/www/contact.moolapay.io/node_modules/nodemailer/lib/smtp-connection/index.js:953:20)
    at SMTPConnection._onData (/var/www/contact.moolapay.io/node_modules/nodemailer/lib/smtp-connection/index.js:755:14)
    at TLSSocket.SMTPConnection._onSocketData (/var/www/contact.moolapay.io/node_modules/nodemailer/lib/smtp-connection/index.js:193:44)
    at TLSSocket.emit (node:events:513:28)
    at addChunk (node:internal/streams/readable:315:12)
    at readableAddChunk (node:internal/streams/readable:289:9)
    at TLSSocket.Readable.push (node:internal/streams/readable:228:10) {
  code: 'EAUTH',
  response: '535 5.7.0 Too many failed login attempts',
  responseCode: 535,
  command: 'AUTH PLAIN'
}
/var/www/contact.moolapay.io/node_modules/nodemailer/lib/smtp-connection/index.js:790
            err = new Error(message);
                  ^

Error: Invalid login: 535 5.7.0 Invalid credentials
    at SMTPConnection._formatError (/var/www/contact.moolapay.io/node_modules/nodemailer/lib/smtp-connection/index.js:790:19)
    at SMTPConnection._actionAUTHComplete (/var/www/contact.moolapay.io/node_modules/nodemailer/lib/smtp-connection/index.js:1548:34)
    at SMTPConnection.<anonymous> (/var/www/contact.moolapay.io/node_modules/nodemailer/lib/smtp-connection/index.js:546:26)
    at SMTPConnection._processResponse (/var/www/contact.moolapay.io/node_modules/nodemailer/lib/smtp-connection/index.js:953:20)
    at SMTPConnection._onData (/var/www/contact.moolapay.io/node_modules/nodemailer/lib/smtp-connection/index.js:755:14)
    at TLSSocket.SMTPConnection._onSocketData (/var/www/contact.moolapay.io/node_modules/nodemailer/lib/smtp-connection/index.js:193:44)
    at TLSSocket.emit (node:events:513:28)
    at addChunk (node:internal/streams/readable:315:12)
    at readableAddChunk (node:internal/streams/readable:289:9)
    at TLSSocket.Readable.push (node:internal/streams/readable:228:10) {
  code: 'EAUTH',
  response: '535 5.7.0 Invalid credentials',
  responseCode: 535,
  command: 'AUTH PLAIN'
}
/var/www/contact.moolapay.io/node_modules/nodemailer/lib/smtp-connection/index.js:790
            err = new Error(message);
                  ^

Error: Invalid login: 535 5.7.0 Invalid credentials
    at SMTPConnection._formatError (/var/www/contact.moolapay.io/node_modules/nodemailer/lib/smtp-connection/index.js:790:19)
    at SMTPConnection._actionAUTHComplete (/var/www/contact.moolapay.io/node_modules/nodemailer/lib/smtp-connection/index.js:1548:34)
    at SMTPConnection.<anonymous> (/var/www/contact.moolapay.io/node_modules/nodemailer/lib/smtp-connection/index.js:546:26)
    at SMTPConnection._processResponse (/var/www/contact.moolapay.io/node_modules/nodemailer/lib/smtp-connection/index.js:953:20)
    at SMTPConnection._onData (/var/www/contact.moolapay.io/node_modules/nodemailer/lib/smtp-connection/index.js:755:14)
    at TLSSocket.SMTPConnection._onSocketData (/var/www/contact.moolapay.io/node_modules/nodemailer/lib/smtp-connection/index.js:193:44)
    at TLSSocket.emit (node:events:513:28)
    at addChunk (node:internal/streams/readable:315:12)
    at readableAddChunk (node:internal/streams/readable:289:9)
    at TLSSocket.Readable.push (node:internal/streams/readable:228:10) {
  code: 'EAUTH',
  response: '535 5.7.0 Invalid credentials',
  responseCode: 535,
  command: 'AUTH PLAIN'
}
/var/www/contact.moolapay.io/node_modules/nodemailer/lib/smtp-connection/index.js:790
            err = new Error(message);
                  ^

Error: Invalid login: 535 5.7.0 Invalid credentials
    at SMTPConnection._formatError (/var/www/contact.moolapay.io/node_modules/nodemailer/lib/smtp-connection/index.js:790:19)
    at SMTPConnection._actionAUTHComplete (/var/www/contact.moolapay.io/node_modules/nodemailer/lib/smtp-connection/index.js:1548:34)
    at SMTPConnection.<anonymous> (/var/www/contact.moolapay.io/node_modules/nodemailer/lib/smtp-connection/index.js:546:26)
    at SMTPConnection._processResponse (/var/www/contact.moolapay.io/node_modules/nodemailer/lib/smtp-connection/index.js:953:20)
    at SMTPConnection._onData (/var/www/contact.moolapay.io/node_modules/nodemailer/lib/smtp-connection/index.js:755:14)
    at TLSSocket.SMTPConnection._onSocketData (/var/www/contact.moolapay.io/node_modules/nodemailer/lib/smtp-connection/index.js:193:44)
    at TLSSocket.emit (node:events:513:28)
    at addChunk (node:internal/streams/readable:315:12)
    at readableAddChunk (node:internal/streams/readable:289:9)
    at TLSSocket.Readable.push (node:internal/streams/readable:228:10) {
  code: 'EAUTH',
  response: '535 5.7.0 Invalid credentials',
  responseCode: 535,
  command: 'AUTH PLAIN'
}
/var/www/contact.moolapay.io/node_modules/nodemailer/lib/smtp-connection/index.js:790
            err = new Error(message);
                  ^

Error: Invalid login: 535 5.7.0 Invalid credentials
    at SMTPConnection._formatError (/var/www/contact.moolapay.io/node_modules/nodemailer/lib/smtp-connection/index.js:790:19)
    at SMTPConnection._actionAUTHComplete (/var/www/contact.moolapay.io/node_modules/nodemailer/lib/smtp-connection/index.js:1548:34)
    at SMTPConnection.<anonymous> (/var/www/contact.moolapay.io/node_modules/nodemailer/lib/smtp-connection/index.js:546:26)
    at SMTPConnection._processResponse (/var/www/contact.moolapay.io/node_modules/nodemailer/lib/smtp-connection/index.js:953:20)
    at SMTPConnection._onData (/var/www/contact.moolapay.io/node_modules/nodemailer/lib/smtp-connection/index.js:755:14)
    at TLSSocket.SMTPConnection._onSocketData (/var/www/contact.moolapay.io/node_modules/nodemailer/lib/smtp-connection/index.js:193:44)
    at TLSSocket.emit (node:events:513:28)
    at addChunk (node:internal/streams/readable:315:12)
    at readableAddChunk (node:internal/streams/readable:289:9)
    at TLSSocket.Readable.push (node:internal/streams/readable:228:10) {
  code: 'EAUTH',
  response: '535 5.7.0 Invalid credentials',
  responseCode: 535,
  command: 'AUTH PLAIN'
}
/var/www/contact.moolapay.io/node_modules/nodemailer/lib/smtp-connection/index.js:790
            err = new Error(message);
                  ^

Error: Invalid login: 535 5.7.0 Invalid credentials
    at SMTPConnection._formatError (/var/www/contact.moolapay.io/node_modules/nodemailer/lib/smtp-connection/index.js:790:19)
    at SMTPConnection._actionAUTHComplete (/var/www/contact.moolapay.io/node_modules/nodemailer/lib/smtp-connection/index.js:1548:34)
    at SMTPConnection.<anonymous> (/var/www/contact.moolapay.io/node_modules/nodemailer/lib/smtp-connection/index.js:546:26)
    at SMTPConnection._processResponse (/var/www/contact.moolapay.io/node_modules/nodemailer/lib/smtp-connection/index.js:953:20)
    at SMTPConnection._onData (/var/www/contact.moolapay.io/node_modules/nodemailer/lib/smtp-connection/index.js:755:14)
    at TLSSocket.SMTPConnection._onSocketData (/var/www/contact.moolapay.io/node_modules/nodemailer/lib/smtp-connection/index.js:193:44)
    at TLSSocket.emit (node:events:513:28)
    at addChunk (node:internal/streams/readable:315:12)
    at readableAddChunk (node:internal/streams/readable:289:9)
    at TLSSocket.Readable.push (node:internal/streams/readable:228:10) {
  code: 'EAUTH',
  response: '535 5.7.0 Invalid credentials',
  responseCode: 535,
  command: 'AUTH PLAIN'
}
/var/www/contact.moolapay.io/node_modules/nodemailer/lib/smtp-connection/index.js:790
            err = new Error(message);
                  ^

Error: Invalid login: 535 5.7.0 Invalid credentials
    at SMTPConnection._formatError (/var/www/contact.moolapay.io/node_modules/nodemailer/lib/smtp-connection/index.js:790:19)
    at SMTPConnection._actionAUTHComplete (/var/www/contact.moolapay.io/node_modules/nodemailer/lib/smtp-connection/index.js:1548:34)
    at SMTPConnection.<anonymous> (/var/www/contact.moolapay.io/node_modules/nodemailer/lib/smtp-connection/index.js:546:26)
    at SMTPConnection._processResponse (/var/www/contact.moolapay.io/node_modules/nodemailer/lib/smtp-connection/index.js:953:20)
    at SMTPConnection._onData (/var/www/contact.moolapay.io/node_modules/nodemailer/lib/smtp-connection/index.js:755:14)
    at TLSSocket.SMTPConnection._onSocketData (/var/www/contact.moolapay.io/node_modules/nodemailer/lib/smtp-connection/index.js:193:44)
    at TLSSocket.emit (node:events:513:28)
    at addChunk (node:internal/streams/readable:315:12)
    at readableAddChunk (node:internal/streams/readable:289:9)
    at TLSSocket.Readable.push (node:internal/streams/readable:228:10) {
  code: 'EAUTH',
  response: '535 5.7.0 Invalid credentials',
  responseCode: 535,
  command: 'AUTH PLAIN'
}
/var/www/contact.moolapay.io/node_modules/nodemailer/lib/smtp-connection/index.js:790
            err = new Error(message);
                  ^

Error: Invalid login: 535 5.7.0 Invalid credentials
    at SMTPConnection._formatError (/var/www/contact.moolapay.io/node_modules/nodemailer/lib/smtp-connection/index.js:790:19)
    at SMTPConnection._actionAUTHComplete (/var/www/contact.moolapay.io/node_modules/nodemailer/lib/smtp-connection/index.js:1548:34)
    at SMTPConnection.<anonymous> (/var/www/contact.moolapay.io/node_modules/nodemailer/lib/smtp-connection/index.js:546:26)
    at SMTPConnection._processResponse (/var/www/contact.moolapay.io/node_modules/nodemailer/lib/smtp-connection/index.js:953:20)
    at SMTPConnection._onData (/var/www/contact.moolapay.io/node_modules/nodemailer/lib/smtp-connection/index.js:755:14)
    at TLSSocket.SMTPConnection._onSocketData (/var/www/contact.moolapay.io/node_modules/nodemailer/lib/smtp-connection/index.js:193:44)
    at TLSSocket.emit (node:events:513:28)
    at addChunk (node:internal/streams/readable:315:12)
    at readableAddChunk (node:internal/streams/readable:289:9)
    at TLSSocket.Readable.push (node:internal/streams/readable:228:10) {
  code: 'EAUTH',
  response: '535 5.7.0 Invalid credentials',
  responseCode: 535,
  command: 'AUTH PLAIN'
}
/var/www/contact.moolapay.io/node_modules/nodemailer/lib/smtp-connection/index.js:790
            err = new Error(message);
                  ^

Error: Invalid login: 535 5.7.0 Invalid credentials
    at SMTPConnection._formatError (/var/www/contact.moolapay.io/node_modules/nodemailer/lib/smtp-connection/index.js:790:19)
    at SMTPConnection._actionAUTHComplete (/var/www/contact.moolapay.io/node_modules/nodemailer/lib/smtp-connection/index.js:1548:34)
    at SMTPConnection.<anonymous> (/var/www/contact.moolapay.io/node_modules/nodemailer/lib/smtp-connection/index.js:546:26)
    at SMTPConnection._processResponse (/var/www/contact.moolapay.io/node_modules/nodemailer/lib/smtp-connection/index.js:953:20)
    at SMTPConnection._onData (/var/www/contact.moolapay.io/node_modules/nodemailer/lib/smtp-connection/index.js:755:14)
    at TLSSocket.SMTPConnection._onSocketData (/var/www/contact.moolapay.io/node_modules/nodemailer/lib/smtp-connection/index.js:193:44)
    at TLSSocket.emit (node:events:513:28)
    at addChunk (node:internal/streams/readable:315:12)
    at readableAddChunk (node:internal/streams/readable:289:9)
    at TLSSocket.Readable.push (node:internal/streams/readable:228:10) {
  code: 'EAUTH',
  response: '535 5.7.0 Invalid credentials',
  responseCode: 535,
  command: 'AUTH PLAIN'
}
/var/www/contact.moolapay.io/node_modules/nodemailer/lib/smtp-connection/index.js:790
            err = new Error(message);
                  ^

Error: Invalid login: 535 5.7.0 Invalid credentials
    at SMTPConnection._formatError (/var/www/contact.moolapay.io/node_modules/nodemailer/lib/smtp-connection/index.js:790:19)
    at SMTPConnection._actionAUTHComplete (/var/www/contact.moolapay.io/node_modules/nodemailer/lib/smtp-connection/index.js:1548:34)
    at SMTPConnection.<anonymous> (/var/www/contact.moolapay.io/node_modules/nodemailer/lib/smtp-connection/index.js:546:26)
    at SMTPConnection._processResponse (/var/www/contact.moolapay.io/node_modules/nodemailer/lib/smtp-connection/index.js:953:20)
    at SMTPConnection._onData (/var/www/contact.moolapay.io/node_modules/nodemailer/lib/smtp-connection/index.js:755:14)
    at TLSSocket.SMTPConnection._onSocketData (/var/www/contact.moolapay.io/node_modules/nodemailer/lib/smtp-connection/index.js:193:44)
    at TLSSocket.emit (node:events:513:28)
    at addChunk (node:internal/streams/readable:315:12)
    at readableAddChunk (node:internal/streams/readable:289:9)
    at TLSSocket.Readable.push (node:internal/streams/readable:228:10) {
  code: 'EAUTH',
  response: '535 5.7.0 Invalid credentials',
  responseCode: 535,
  command: 'AUTH PLAIN'
}
/var/www/contact.moolapay.io/node_modules/nodemailer/lib/smtp-connection/index.js:790
            err = new Error(message);
                  ^

Error: Invalid login: 535 5.7.0 Invalid credentials
    at SMTPConnection._formatError (/var/www/contact.moolapay.io/node_modules/nodemailer/lib/smtp-connection/index.js:790:19)
    at SMTPConnection._actionAUTHComplete (/var/www/contact.moolapay.io/node_modules/nodemailer/lib/smtp-connection/index.js:1548:34)
    at SMTPConnection.<anonymous> (/var/www/contact.moolapay.io/node_modules/nodemailer/lib/smtp-connection/index.js:546:26)
    at SMTPConnection._processResponse (/var/www/contact.moolapay.io/node_modules/nodemailer/lib/smtp-connection/index.js:953:20)
    at SMTPConnection._onData (/var/www/contact.moolapay.io/node_modules/nodemailer/lib/smtp-connection/index.js:755:14)
    at TLSSocket.SMTPConnection._onSocketData (/var/www/contact.moolapay.io/node_modules/nodemailer/lib/smtp-connection/index.js:193:44)
    at TLSSocket.emit (node:events:513:28)
    at addChunk (node:internal/streams/readable:315:12)
    at readableAddChunk (node:internal/streams/readable:289:9)
    at TLSSocket.Readable.push (node:internal/streams/readable:228:10) {
  code: 'EAUTH',
  response: '535 5.7.0 Invalid credentials',
  responseCode: 535,
  command: 'AUTH PLAIN'
}
/var/www/contact.moolapay.io/node_modules/nodemailer/lib/smtp-connection/index.js:790
            err = new Error(message);
                  ^

Error: Invalid login: 535 5.7.0 Invalid credentials
    at SMTPConnection._formatError (/var/www/contact.moolapay.io/node_modules/nodemailer/lib/smtp-connection/index.js:790:19)
    at SMTPConnection._actionAUTHComplete (/var/www/contact.moolapay.io/node_modules/nodemailer/lib/smtp-connection/index.js:1548:34)
    at SMTPConnection.<anonymous> (/var/www/contact.moolapay.io/node_modules/nodemailer/lib/smtp-connection/index.js:546:26)
    at SMTPConnection._processResponse (/var/www/contact.moolapay.io/node_modules/nodemailer/lib/smtp-connection/index.js:953:20)
    at SMTPConnection._onData (/var/www/contact.moolapay.io/node_modules/nodemailer/lib/smtp-connection/index.js:755:14)
    at TLSSocket.SMTPConnection._onSocketData (/var/www/contact.moolapay.io/node_modules/nodemailer/lib/smtp-connection/index.js:193:44)
    at TLSSocket.emit (node:events:513:28)
    at addChunk (node:internal/streams/readable:315:12)
    at readableAddChunk (node:internal/streams/readable:289:9)
    at TLSSocket.Readable.push (node:internal/streams/readable:228:10) {
  code: 'EAUTH',
  response: '535 5.7.0 Invalid credentials',
  responseCode: 535,
  command: 'AUTH PLAIN'
}
